# JRE version: Java(TM) SE Runtime Environment (8.0_144-b01) (build 1.8.0_144-b01)
# Java VM: Java HotSpot(TM) 64-Bit Server VM (25.144-b01 mixed mode windows-amd64 compressed oops)
Heap:
 PSYoungGen      total 57344K, used 51281K [0x0000000780900000, 0x0000000784900000, 0x00000007c0000000)
  eden space 49152K, 87% used [0x0000000780900000,0x000000078331a610,0x0000000783900000)
  from space 8192K, 99% used [0x0000000784100000,0x00000007848f9ec8,0x0000000784900000)
  to   space 8192K, 0% used [0x0000000783900000,0x0000000783900000,0x0000000784100000)
 ParOldGen       total 131072K, used 38429K [0x0000000701a00000, 0x0000000709a00000, 0x0000000780900000)
  object space 131072K, 29% used [0x0000000701a00000,0x0000000703f87670,0x0000000709a00000)
 Metaspace       used 9070K, capacity 9290K, committed 9600K, reserved 1058816K
  class space    used 1029K, capacity 1093K, committed 1152K, reserved 1048576K
GC Heap History (4 events):
Event: 1.807 GC heap before
{Heap before GC invocations=1 (full 0):
 PSYoungGen      total 57344K, used 48651K [0x0000000780900000, 0x0000000784900000, 0x00000007c0000000)
  eden space 49152K, 98% used [0x0000000780900000,0x0000000783882d18,0x0000000783900000)
  from space 8192K, 0% used [0x0000000784100000,0x0000000784100000,0x0000000784900000)
  to   space 8192K, 0% used [0x0000000783900000,0x0000000783900000,0x0000000784100000)
 ParOldGen       total 131072K, used 0K [0x0000000701a00000, 0x0000000709a00000, 0x0000000780900000)
  object space 131072K, 0% used [0x0000000701a00000,0x0000000701a00000,0x0000000709a00000)
 Metaspace       used 8916K, capacity 9098K, committed 9344K, reserved 1056768K
  class space    used 1028K, capacity 1093K, committed 1152K, reserved 1048576K
Event: 1.815 GC heap after
Heap after GC invocations=1 (full 0):
 PSYoungGen      total 57344K, used 8167K [0x0000000780900000, 0x0000000784900000, 0x00000007c0000000)
  eden space 49152K, 0% used [0x0000000780900000,0x0000000780900000,0x0000000783900000)
  from space 8192K, 99% used [0x0000000783900000,0x00000007840f9ec8,0x0000000784100000)
  to   space 8192K, 0% used [0x0000000784100000,0x0000000784100000,0x0000000784900000)
 ParOldGen       total 131072K, used 21702K [0x0000000701a00000, 0x0000000709a00000, 0x0000000780900000)
  object space 131072K, 16% used [0x0000000701a00000,0x0000000702f31900,0x0000000709a00000)
 Metaspace       used 8916K, capacity 9098K, committed 9344K, reserved 1056768K
  class space    used 1028K, capacity 1093K, committed 1152K, reserved 1048576K
}
Event: 2.307 GC heap before
{Heap before GC invocations=2 (full 0):
 PSYoungGen      total 57344K, used 56869K [0x0000000780900000, 0x0000000784900000, 0x00000007c0000000)
  eden space 49152K, 99% used [0x0000000780900000,0x000000078388f910,0x0000000783900000)
  from space 8192K, 99% used [0x0000000783900000,0x00000007840f9ec8,0x0000000784100000)
  to   space 8192K, 0% used [0x0000000784100000,0x0000000784100000,0x0000000784900000)
 ParOldGen       total 131072K, used 21702K [0x0000000701a00000, 0x0000000709a00000, 0x0000000780900000)
  object space 131072K, 16% used [0x0000000701a00000,0x0000000702f31900,0x0000000709a00000)
 Metaspace       used 8965K, capacity 9162K, committed 9344K, reserved 1056768K
  class space    used 1028K, capacity 1093K, committed 1152K, reserved 1048576K
Event: 2.313 GC heap after
Heap after GC invocations=2 (full 0):
 PSYoungGen      total 57344K, used 8167K [0x0000000780900000, 0x0000000784900000, 0x00000007c0000000)
  eden space 49152K, 0% used [0x0000000780900000,0x0000000780900000,0x0000000783900000)
  from space 8192K, 99% used [0x0000000784100000,0x00000007848f9ec8,0x0000000784900000)
  to   space 8192K, 0% used [0x0000000783900000,0x0000000783900000,0x0000000784100000)
 ParOldGen       total 131072K, used 38429K [0x0000000701a00000, 0x0000000709a00000, 0x0000000780900000)
  object space 131072K, 29% used [0x0000000701a00000,0x0000000703f87670,0x0000000709a00000)
 Metaspace       used 8965K, capacity 9162K, committed 9344K, reserved 1056768K
  class space    used 1028K, capacity 1093K, committed 1152K, reserved 1048576K
}

